#-----------------------------------------------------------
# Vivado v2018.2 (64-bit)
# SW Build 2258646 on Thu Jun 14 20:03:12 MDT 2018
# IP Build 2256618 on Thu Jun 14 22:10:49 MDT 2018
# Start of session at: Tue May 13 13:50:33 2025
# Process ID: 21904
# Current directory: C:/New folder/nano_processor_project
# Command line: vivado.exe -gui_launcher_event rodinguilauncherevent19036 C:\New folder\nano_processor_project\nano_processor.xpr
# Log file: C:/New folder/nano_processor_project/vivado.log
# Journal file: C:/New folder/nano_processor_project\vivado.jou
#-----------------------------------------------------------
start_gui
open_project {C:/New folder/nano_processor_project/nano_processor.xpr}
Scanning sources...
Finished scanning sources
INFO: [IP_Flow 19-234] Refreshing IP repositories
INFO: [IP_Flow 19-1704] No user IP repositories specified
INFO: [IP_Flow 19-2313] Loaded Vivado IP repository 'D:/Xilinx/Vivado/2018.2/data/ip'.
open_project: Time (s): cpu = 00:00:04 ; elapsed = 00:00:07 . Memory (MB): peak = 913.383 ; gain = 154.992
update_compile_order -fileset sources_1
reset_run synth_1
launch_runs synth_1 -jobs 6
[Tue May 13 13:52:06 2025] Launched synth_1...
Run output will be captured here: C:/New folder/nano_processor_project/nano_processor.runs/synth_1/runme.log
launch_simulation
INFO: [Vivado 12-5682] Launching behavioral simulation in 'C:/New folder/nano_processor_project/nano_processor.sim/sim_1/behav/xsim'
INFO: [SIM-utils-51] Simulation object is 'sim_1'
INFO: [SIM-utils-54] Inspecting design source files for 'TB_MUX_2_4' in fileset 'sim_1'...
INFO: [USF-XSim-97] Finding global include files...
INFO: [USF-XSim-98] Fetching design files from 'sim_1'...
INFO: [USF-XSim-2] XSim::Compile design
INFO: [USF-XSim-61] Executing 'COMPILE and ANALYZE' step in 'C:/New folder/nano_processor_project/nano_processor.sim/sim_1/behav/xsim'
"xvhdl --incr --relax -prj TB_MUX_2_4_vhdl.prj"
INFO: [VRFC 10-163] Analyzing VHDL file "C:/New folder/nano_processor_project/nano_processor.srcs/sources_1/new/MUX_2_4.vhd" into library xil_defaultlib
INFO: [VRFC 10-307] analyzing entity MUX_2_4
INFO: [VRFC 10-163] Analyzing VHDL file "C:/New folder/nano_processor_project/nano_processor.srcs/sim_1/new/TB_MUX_2_4.vhd" into library xil_defaultlib
INFO: [VRFC 10-307] analyzing entity TB_MUX_2_4
INFO: [USF-XSim-69] 'compile' step finished in '3' seconds
INFO: [USF-XSim-3] XSim::Elaborate design
INFO: [USF-XSim-61] Executing 'ELABORATE' step in 'C:/New folder/nano_processor_project/nano_processor.sim/sim_1/behav/xsim'
Vivado Simulator 2018.2
Copyright 1986-1999, 2001-2018 Xilinx, Inc. All Rights Reserved.
Running: D:/Xilinx/Vivado/2018.2/bin/unwrapped/win64.o/xelab.exe -wto c37cb37c031e4d7da3fbbac695debbb1 --incr --debug typical --relax --mt 2 -L xil_defaultlib -L secureip --snapshot TB_MUX_2_4_behav xil_defaultlib.TB_MUX_2_4 -log elaborate.log 
Using 2 slave threads.
Starting static elaboration
Completed static elaboration
Starting simulation data flow analysis
Completed simulation data flow analysis
Time Resolution for simulation is 1ps
Compiling package std.standard
Compiling package std.textio
Compiling package ieee.std_logic_1164
Compiling architecture behavioral of entity xil_defaultlib.MUX_2_4 [mux_2_4_default]
Compiling architecture behavioral of entity xil_defaultlib.tb_mux_2_4
Built simulation snapshot TB_MUX_2_4_behav
INFO: [USF-XSim-69] 'elaborate' step finished in '3' seconds
INFO: [USF-XSim-4] XSim::Simulate design
INFO: [USF-XSim-61] Executing 'SIMULATE' step in 'C:/New folder/nano_processor_project/nano_processor.sim/sim_1/behav/xsim'
INFO: [USF-XSim-98] *** Running xsim
   with args "TB_MUX_2_4_behav -key {Behavioral:sim_1:Functional:TB_MUX_2_4} -tclbatch {TB_MUX_2_4.tcl} -log {simulate.log}"
INFO: [USF-XSim-8] Loading simulator feature
Vivado Simulator 2018.2
Time resolution is 1 ps
source TB_MUX_2_4.tcl
# set curr_wave [current_wave_config]
# if { [string length $curr_wave] == 0 } {
#   if { [llength [get_objects]] > 0} {
#     add_wave /
#     set_property needs_save false [current_wave_config]
#   } else {
#      send_msg_id Add_Wave-1 WARNING "No top level signals found. Simulator will start without a wave window. If you want to open a wave window go to 'File->New Waveform Configuration' or type 'create_wave_config' in the TCL console."
#   }
# }
# run 1000ns
INFO: [USF-XSim-96] XSim completed. Design snapshot 'TB_MUX_2_4_behav' loaded.
INFO: [USF-XSim-97] XSim simulation ran for 1000ns
launch_simulation: Time (s): cpu = 00:00:04 ; elapsed = 00:00:11 . Memory (MB): peak = 955.375 ; gain = 7.875
close_sim
INFO: [Simtcl 6-16] Simulation closed
exit
INFO: [Common 17-206] Exiting Vivado at Tue May 13 14:35:35 2025...
