#-----------------------------------------------------------
# Vivado v2018.2 (64-bit)
# SW Build 2258646 on Thu Jun 14 20:03:12 MDT 2018
# IP Build 2256618 on Thu Jun 14 22:10:49 MDT 2018
# Start of session at: Tue May 13 13:50:33 2025
# Process ID: 21904
# Current directory: C:/New folder/nano_processor_project
# Command line: vivado.exe -gui_launcher_event rodinguilauncherevent19036 C:\New folder\nano_processor_project\nano_processor.xpr
# Log file: C:/New folder/nano_processor_project/vivado.log
# Journal file: C:/New folder/nano_processor_project\vivado.jou
#-----------------------------------------------------------
start_gui
open_project {C:/New folder/nano_processor_project/nano_processor.xpr}
Scanning sources...
Finished scanning sources
INFO: [IP_Flow 19-234] Refreshing IP repositories
INFO: [IP_Flow 19-1704] No user IP repositories specified
INFO: [IP_Flow 19-2313] Loaded Vivado IP repository 'D:/Xilinx/Vivado/2018.2/data/ip'.
open_project: Time (s): cpu = 00:00:04 ; elapsed = 00:00:07 . Memory (MB): peak = 913.383 ; gain = 154.992
update_compile_order -fileset sources_1
