#-----------------------------------------------------------
# Vivado v2018.2 (64-bit)
# SW Build 2258646 on Thu Jun 14 20:03:12 MDT 2018
# IP Build 2256618 on Thu Jun 14 22:10:49 MDT 2018
# Start of session at: Sun May 11 22:59:33 2025
# Process ID: 18384
# Current directory: E:/New folder/nano_processor_project
# Command line: vivado.exe -gui_launcher_event rodinguilauncherevent6076 E:\New folder\nano_processor_project\nano_processor.xpr
# Log file: E:/New folder/nano_processor_project/vivado.log
# Journal file: E:/New folder/nano_processor_project\vivado.jou
#-----------------------------------------------------------
start_gui
open_project {E:/New folder/nano_processor_project/nano_processor.xpr}
IINFO: [Project 1-313] Project file moved from 'D:/Nano/Master Proj/nano_processor_project' since last save.Scanning sources...
FFinished scanning sourcesIINFO: [IP_Flow 19-234] Refreshing IP repositories
INFO: [IP_Flow 19-1704] No user IP repositories specifiedINFO: [IP_Flow 19-2313] Loaded Vivado IP repository 'D:/Xilinx/Vivado/2018.2/data/ip'.
oopen_project: Time (s): cpu = 00:00:15 ; elapsed = 00:00:33 . Memory (MB): peak = 835.023 ; gain = 169.953uupdate_compile_order -fileset sources_1reset_run synth_1
WARNING: [Vivado 12-1017] Problems encountered:
1. Failed to delete one or more files in run directory E:/New folder/nano_processor_project/nano_processor.runs/synth_1

launch_runs synth_1 -jobs 6
[Sun May 11 23:00:36 2025] Launched synth_1...
Run output will be captured here: E:/New folder/nano_processor_project/nano_processor.runs/synth_1/runme.log
launch_simulation
INFO: [Vivado 12-5682] Launching behavioral simulation in 'E:/New folder/nano_processor_project/nano_processor.sim/sim_1/behav/xsim'
INFO: [SIM-utils-51] Simulation object is 'sim_1'
INFO: [SIM-utils-54] Inspecting design source files for 'TB_RCA_4' in fileset 'sim_1'...
INFO: [USF-XSim-97] Finding global include files...
INFO: [USF-XSim-98] Fetching design files from 'sim_1'...
INFO: [USF-XSim-2] XSim::Compile design
INFO: [USF-XSim-61] Executing 'COMPILE and ANALYZE' step in 'E:/New folder/nano_processor_project/nano_processor.sim/sim_1/behav/xsim'
"xvhdl --incr --relax -prj TB_RCA_4_vhdl.prj"
INFO: [VRFC 10-163] Analyzing VHDL file "E:/New folder/nano_processor_project/nano_processor.srcs/sources_1/imports/new/FA.vhd" into library xil_defaultlib
INFO: [VRFC 10-307] analyzing entity FA
INFO: [VRFC 10-163] Analyzing VHDL file "E:/New folder/nano_processor_project/nano_processor.srcs/sources_1/imports/new/HA.vhd" into library xil_defaultlib
INFO: [VRFC 10-307] analyzing entity HA
INFO: [VRFC 10-163] Analyzing VHDL file "E:/New folder/nano_processor_project/nano_processor.srcs/sources_1/new/RCA_4.vhd" into library xil_defaultlib
INFO: [VRFC 10-307] analyzing entity RCA_4
INFO: [VRFC 10-163] Analyzing VHDL file "E:/New folder/nano_processor_project/nano_processor.srcs/sim_1/new/TB_RCA_4.vhd" into library xil_defaultlib
INFO: [VRFC 10-307] analyzing entity TB_RCA_4
INFO: [USF-XSim-69] 'compile' step finished in '3' seconds
INFO: [USF-XSim-3] XSim::Elaborate design
INFO: [USF-XSim-61] Executing 'ELABORATE' step in 'E:/New folder/nano_processor_project/nano_processor.sim/sim_1/behav/xsim'
Vivado Simulator 2018.2
Copyright 1986-1999, 2001-2018 Xilinx, Inc. All Rights Reserved.
Running: D:/Xilinx/Vivado/2018.2/bin/unwrapped/win64.o/xelab.exe -wto c37cb37c031e4d7da3fbbac695debbb1 --incr --debug typical --relax --mt 2 -L xil_defaultlib -L secureip --snapshot TB_RCA_4_behav xil_defaultlib.TB_RCA_4 -log elaborate.log 
Using 2 slave threads.
Starting static elaboration
Completed static elaboration
Starting simulation data flow analysis
Completed simulation data flow analysis
Time Resolution for simulation is 1ps
Compiling package std.standard
Compiling package std.textio
Compiling package ieee.std_logic_1164
Compiling architecture behavioral of entity xil_defaultlib.HA [ha_default]
Compiling architecture behavioral of entity xil_defaultlib.FA [fa_default]
Compiling architecture behavioral of entity xil_defaultlib.RCA_4 [rca_4_default]
Compiling architecture behavioral of entity xil_defaultlib.tb_rca_4
Built simulation snapshot TB_RCA_4_behav
run_program: Time (s): cpu = 00:00:00 ; elapsed = 00:00:08 . Memory (MB): peak = 930.789 ; gain = 0.000
INFO: [USF-XSim-69] 'elaborate' step finished in '9' seconds
INFO: [USF-XSim-4] XSim::Simulate design
INFO: [USF-XSim-61] Executing 'SIMULATE' step in 'E:/New folder/nano_processor_project/nano_processor.sim/sim_1/behav/xsim'
INFO: [USF-XSim-98] *** Running xsim
   with args "TB_RCA_4_behav -key {Behavioral:sim_1:Functional:TB_RCA_4} -tclbatch {TB_RCA_4.tcl} -log {simulate.log}"
INFO: [USF-XSim-8] Loading simulator feature
Vivado Simulator 2018.2
Time resolution is 1 ps
source TB_RCA_4.tcl
# set curr_wave [current_wave_config]
# if { [string length $curr_wave] == 0 } {
#   if { [llength [get_objects]] > 0} {
#     add_wave /
#     set_property needs_save false [current_wave_config]
#   } else {
#      send_msg_id Add_Wave-1 WARNING "No top level signals found. Simulator will start without a wave window. If you want to open a wave window go to 'File->New Waveform Configuration' or type 'create_wave_config' in the TCL console."
#   }
# }
# run 1000ns
INFO: [USF-XSim-96] XSim completed. Design snapshot 'TB_RCA_4_behav' loaded.
INFO: [USF-XSim-97] XSim simulation ran for 1000ns
launch_simulation: Time (s): cpu = 00:00:03 ; elapsed = 00:00:18 . Memory (MB): peak = 937.762 ; gain = 6.973
close_sim
INFO: [Simtcl 6-16] Simulation closed
exit
INFO: [Common 17-206] Exiting Vivado at Sun May 11 23:06:57 2025...
