#-----------------------------------------------------------
# Vivado v2018.2 (64-bit)
# SW Build 2258646 on Thu Jun 14 20:03:12 MDT 2018
# IP Build 2256618 on Thu Jun 14 22:10:49 MDT 2018
# Start of session at: Sun May 11 12:46:50 2025
# Process ID: 14032
# Current directory: E:/New folder/nano_processor_project
# Command line: vivado.exe -gui_launcher_event rodinguilauncherevent19188 E:\New folder\nano_processor_project\nano_processor.xpr
# Log file: E:/New folder/nano_processor_project/vivado.log
# Journal file: E:/New folder/nano_processor_project\vivado.jou
#-----------------------------------------------------------
start_gui
open_project {E:/New folder/nano_processor_project/nano_processor.xpr}
INFO: [Project 1-313] Project file moved from 'C:/Users/Chamodh/Desktop/VivadoProjects/ToSubmit/nano_processor' since last save.
Scanning sources...
Finished scanning sources
INFO: [IP_Flow 19-234] Refreshing IP repositories
INFO: [IP_Flow 19-1704] No user IP repositories specified
INFO: [IP_Flow 19-2313] Loaded Vivado IP repository 'D:/Xilinx/Vivado/2018.2/data/ip'.
open_project: Time (s): cpu = 00:00:02 ; elapsed = 00:00:05 . Memory (MB): peak = 890.117 ; gain = 146.152
update_compile_order -fileset sources_1
launch_simulation
INFO: [Vivado 12-5682] Launching behavioral simulation in 'E:/New folder/nano_processor_project/nano_processor.sim/sim_1/behav/xsim'
INFO: [SIM-utils-51] Simulation object is 'sim_1'
INFO: [SIM-utils-54] Inspecting design source files for 'TB_Reg' in fileset 'sim_1'...
INFO: [USF-XSim-97] Finding global include files...
INFO: [USF-XSim-98] Fetching design files from 'sim_1'...
INFO: [USF-XSim-2] XSim::Compile design
INFO: [USF-XSim-61] Executing 'COMPILE and ANALYZE' step in 'E:/New folder/nano_processor_project/nano_processor.sim/sim_1/behav/xsim'
"xvhdl --incr --relax -prj TB_Reg_vhdl.prj"
INFO: [VRFC 10-163] Analyzing VHDL file "E:/New folder/nano_processor_project/nano_processor.srcs/sources_1/new/Reg.vhd" into library xil_defaultlib
INFO: [VRFC 10-307] analyzing entity Reg
INFO: [VRFC 10-163] Analyzing VHDL file "E:/New folder/nano_processor_project/nano_processor.srcs/sim_1/new/TB_Reg.vhd" into library xil_defaultlib
INFO: [VRFC 10-307] analyzing entity TB_Reg
INFO: [USF-XSim-69] 'compile' step finished in '1' seconds
INFO: [USF-XSim-3] XSim::Elaborate design
INFO: [USF-XSim-61] Executing 'ELABORATE' step in 'E:/New folder/nano_processor_project/nano_processor.sim/sim_1/behav/xsim'
Vivado Simulator 2018.2
Copyright 1986-1999, 2001-2018 Xilinx, Inc. All Rights Reserved.
Running: D:/Xilinx/Vivado/2018.2/bin/unwrapped/win64.o/xelab.exe -wto c37cb37c031e4d7da3fbbac695debbb1 --incr --debug typical --relax --mt 2 -L xil_defaultlib -L secureip --snapshot TB_Reg_behav xil_defaultlib.TB_Reg -log elaborate.log 
Using 2 slave threads.
Starting static elaboration
Completed static elaboration
Starting simulation data flow analysis
Completed simulation data flow analysis
Time Resolution for simulation is 1ps
Compiling package std.standard
Compiling package std.textio
Compiling package ieee.std_logic_1164
Compiling architecture behavioral of entity xil_defaultlib.Reg [reg_default]
Compiling architecture behavioral of entity xil_defaultlib.tb_reg
Built simulation snapshot TB_Reg_behav

****** Webtalk v2018.2 (64-bit)
  **** SW Build 2258646 on Thu Jun 14 20:03:12 MDT 2018
  **** IP Build 2256618 on Thu Jun 14 22:10:49 MDT 2018
    ** Copyright 1986-2018 Xilinx, Inc. All Rights Reserved.

source E:/New -notrace
couldn't read file "E:/New": no such file or directory
INFO: [Common 17-206] Exiting Webtalk at Sun May 11 12:47:21 2025...
INFO: [USF-XSim-69] 'elaborate' step finished in '3' seconds
INFO: [USF-XSim-4] XSim::Simulate design
INFO: [USF-XSim-61] Executing 'SIMULATE' step in 'E:/New folder/nano_processor_project/nano_processor.sim/sim_1/behav/xsim'
INFO: [USF-XSim-98] *** Running xsim
   with args "TB_Reg_behav -key {Behavioral:sim_1:Functional:TB_Reg} -tclbatch {TB_Reg.tcl} -log {simulate.log}"
INFO: [USF-XSim-8] Loading simulator feature
Vivado Simulator 2018.2
Time resolution is 1 ps
source TB_Reg.tcl
# set curr_wave [current_wave_config]
# if { [string length $curr_wave] == 0 } {
#   if { [llength [get_objects]] > 0} {
#     add_wave /
#     set_property needs_save false [current_wave_config]
#   } else {
#      send_msg_id Add_Wave-1 WARNING "No top level signals found. Simulator will start without a wave window. If you want to open a wave window go to 'File->New Waveform Configuration' or type 'create_wave_config' in the TCL console."
#   }
# }
# run 1000ns
INFO: [USF-XSim-96] XSim completed. Design snapshot 'TB_Reg_behav' loaded.
INFO: [USF-XSim-97] XSim simulation ran for 1000ns
launch_simulation: Time (s): cpu = 00:00:01 ; elapsed = 00:00:06 . Memory (MB): peak = 908.730 ; gain = 10.719
reset_run synth_1
WARNING: [Vivado 12-1017] Problems encountered:
1. Failed to delete one or more files in run directory E:/New folder/nano_processor_project/nano_processor.runs/synth_1

launch_runs synth_1 -jobs 6
[Sun May 11 12:47:52 2025] Launched synth_1...
Run output will be captured here: E:/New folder/nano_processor_project/nano_processor.runs/synth_1/runme.log
