#-----------------------------------------------------------
# Vivado v2018.2 (64-bit)
# SW Build 2258646 on Thu Jun 14 20:03:12 MDT 2018
# IP Build 2256618 on Thu Jun 14 22:10:49 MDT 2018
# Start of session at: Sat May  3 21:12:34 2025
# Process ID: 13940
# Current directory: D:/Nano/nano_processor_project
# Command line: vivado.exe -gui_launcher_event rodinguilauncherevent15668 D:\Nano\nano_processor_project\nano_processor.xpr
# Log file: D:/Nano/nano_processor_project/vivado.log
# Journal file: D:/Nano/nano_processor_project\vivado.jou
#-----------------------------------------------------------
start_gui
open_project D:/Nano/nano_processor_project/nano_processor.xpr
Scanning sources...
Finished scanning sources
INFO: [IP_Flow 19-234] Refreshing IP repositories
INFO: [IP_Flow 19-1704] No user IP repositories specified
INFO: [IP_Flow 19-2313] Loaded Vivado IP repository 'C:/Xilinx/Vivado/2018.2/data/ip'.
update_compile_order -fileset sources_1
reset_run impl_1
launch_runs impl_1 -jobs 16
[Sat May  3 21:13:06 2025] Launched impl_1...
Run output will be captured here: D:/Nano/nano_processor_project/nano_processor.runs/impl_1/runme.log
open_run impl_1
INFO: [Netlist 29-17] Analyzing 9 Unisim elements for replacement
INFO: [Netlist 29-28] Unisim Transformation completed in 0 CPU seconds
INFO: [Project 1-479] Netlist was created with Vivado 2018.2
INFO: [Device 21-403] Loading part xc7a35tcpg236-1
INFO: [Project 1-570] Preparing netlist for logic optimization
Reading XDEF placement.
Reading placer database...
Reading XDEF routing.
Read XDEF File: Time (s): cpu = 00:00:00 ; elapsed = 00:00:00.015 . Memory (MB): peak = 1229.691 ; gain = 0.066
Restored from archive | CPU: 0.000000 secs | Memory: 0.000000 MB |
Finished XDEF File Restore: Time (s): cpu = 00:00:00 ; elapsed = 00:00:00.015 . Memory (MB): peak = 1229.691 ; gain = 0.066
INFO: [Project 1-111] Unisim Transformation Summary:
No Unisim elements were transformed.

open_run: Time (s): cpu = 00:00:07 ; elapsed = 00:00:06 . Memory (MB): peak = 1410.195 ; gain = 429.184
WARNING: [Timing 38-313] There are no user specified timing constraints. Timing constraints are needed for proper timing analysis.
exit
INFO: [Common 17-206] Exiting Vivado at Sat May  3 21:13:59 2025...
