#-----------------------------------------------------------
# Vivado v2018.2 (64-bit)
# SW Build 2258646 on Thu Jun 14 20:03:12 MDT 2018
# IP Build 2256618 on Thu Jun 14 22:10:49 MDT 2018
# Start of session at: Sun May 11 20:35:13 2025
# Process ID: 4708
# Current directory: D:/Nano/Master Proj/nano_processor_project
# Command line: vivado.exe -gui_launcher_event rodinguilauncherevent11072 D:\Nano\Master Proj\nano_processor_project\nano_processor.xpr
# Log file: D:/Nano/Master Proj/nano_processor_project/vivado.log
# Journal file: D:/Nano/Master Proj/nano_processor_project\vivado.jou
#-----------------------------------------------------------
start_gui
open_project {D:/Nano/Master Proj/nano_processor_project/nano_processor.xpr}
INFO: [Project 1-313] Project file moved from 'E:/New folder/nano_processor_project' since last save.
Scanning sources...
Finished scanning sources
CRITICAL WARNING: [Board 49-67] The board_part definition was not found for digilentinc.com:basys3:part0:1.2. This can happen sometimes when you use custom board part. You can resolve this issue by setting 'board.repoPaths' parameter, pointing to the location of custom board files. Valid board_part values can be retrieved with the 'get_board_parts' Tcl command.
INFO: [IP_Flow 19-234] Refreshing IP repositories
INFO: [IP_Flow 19-1704] No user IP repositories specified
INFO: [IP_Flow 19-2313] Loaded Vivado IP repository 'C:/Xilinx/Vivado/2018.2/data/ip'.
open_project: Time (s): cpu = 00:00:10 ; elapsed = 00:00:08 . Memory (MB): peak = 873.125 ; gain = 90.406
update_compile_order -fileset sources_1
open_project D:/Nano/nano_processor_project/nano_processor.xpr
Scanning sources...
Finished scanning sources
INFO: [IP_Flow 19-234] Refreshing IP repositories
INFO: [IP_Flow 19-1704] No user IP repositories specified
INFO: [IP_Flow 19-2313] Loaded Vivado IP repository 'C:/Xilinx/Vivado/2018.2/data/ip'.
update_compile_order -fileset sources_1
current_project nano_processor
export_ip_user_files -of_objects  [get_files {{D:/Nano/Master Proj/nano_processor_project/nano_processor.srcs/sources_1/imports/new/RCA_4.vhd}}] -no_script -reset -force -quiet
remove_files  {{D:/Nano/Master Proj/nano_processor_project/nano_processor.srcs/sources_1/imports/new/RCA_4.vhd}}
file delete -force {D:/Nano/Master Proj/nano_processor_project/nano_processor.srcs/sources_1/imports/new/RCA_4.vhd}
add_files -norecurse -scan_for_includes {D:/Nano/nano_processor_project/nano_processor.srcs/sources_1/imports/new/RCA_4.vhd D:/Nano/nano_processor_project/nano_processor.srcs/sources_1/imports/new/HA.vhd D:/Nano/nano_processor_project/nano_processor.srcs/sources_1/imports/new/FA.vhd}
import_files -force -norecurse {D:/Nano/nano_processor_project/nano_processor.srcs/sources_1/imports/new/RCA_4.vhd D:/Nano/nano_processor_project/nano_processor.srcs/sources_1/imports/new/HA.vhd D:/Nano/nano_processor_project/nano_processor.srcs/sources_1/imports/new/FA.vhd}
update_compile_order -fileset sources_1
export_ip_user_files -of_objects  [get_files {{D:/Nano/Master Proj/nano_processor_project/nano_processor.srcs/sources_1/imports/new/RCA_4.vhd}}] -no_script -reset -force -quiet
remove_files  {{D:/Nano/Master Proj/nano_processor_project/nano_processor.srcs/sources_1/imports/new/RCA_4.vhd}}
file delete -force {D:/Nano/Master Proj/nano_processor_project/nano_processor.srcs/sources_1/imports/new/RCA_4.vhd}
close [ open {D:/Nano/Master Proj/nano_processor_project/nano_processor.srcs/sources_1/new/RCA_4.vhd} w ]
add_files {{D:/Nano/Master Proj/nano_processor_project/nano_processor.srcs/sources_1/new/RCA_4.vhd}}
update_compile_order -fileset sources_1
current_project nano_processor(2)
close_project
exit
INFO: [Common 17-206] Exiting Vivado at Sun May 11 20:41:36 2025...
