Copyright 1986-2018 Xilinx, Inc. All Rights Reserved.
--------------------------------------------------------------------------------------
| Tool Version : Vivado v.2018.2 (win64) Build 2258646 Thu Jun 14 20:03:12 MDT 2018
| Date         : Fri May 16 21:02:24 2025
| Host         : Chamodh-Laptop running 64-bit major release  (build 9200)
| Command      : report_control_sets -verbose -file processor_control_sets_placed.rpt
| Design       : processor
| Device       : xc7a35t
--------------------------------------------------------------------------------------

Control Set Information

Table of Contents
-----------------
1. Summary
2. Histogram
3. Flip-Flop Distribution
4. Detailed Control Set Information

1. Summary
----------

+----------------------------------------------------------+-------+
|                          Status                          | Count |
+----------------------------------------------------------+-------+
| Number of unique control sets                            |     7 |
| Unused register locations in slices containing registers |     6 |
+----------------------------------------------------------+-------+


2. Histogram
------------

+--------+--------------+
| Fanout | Control Sets |
+--------+--------------+
|      6 |            2 |
|      8 |            4 |
|    16+ |            1 |
+--------+--------------+


3. Flip-Flop Distribution
-------------------------

+--------------+-----------------------+------------------------+-----------------+--------------+
| Clock Enable | Synchronous Set/Reset | Asynchronous Set/Reset | Total Registers | Total Slices |
+--------------+-----------------------+------------------------+-----------------+--------------+
| No           | No                    | No                     |               6 |            2 |
| No           | No                    | Yes                    |               6 |            2 |
| No           | Yes                   | No                     |              62 |            8 |
| Yes          | No                    | No                     |               0 |            0 |
| Yes          | No                    | Yes                    |              32 |            7 |
| Yes          | Yes                   | No                     |               0 |            0 |
+--------------+-----------------------+------------------------+-----------------+--------------+


4. Detailed Control Set Information
-----------------------------------

+----------------+---------------+-------------------------+------------------+----------------+
|  Clock Signal  | Enable Signal |     Set/Reset Signal    | Slice Load Count | Bel Load Count |
+----------------+---------------+-------------------------+------------------+----------------+
|  Clock/CLK     |               | Reset_IBUF              |                2 |              6 |
|  Clk_IBUF_BUFG |               |                         |                2 |              6 |
|  Clock/CLK     | PC/PC/y[3]    | Reset_IBUF              |                1 |              8 |
|  Clock/CLK     | PC/PC/y[2]    | Reset_IBUF              |                1 |              8 |
|  Clock/CLK     | PC/PC/y[1]    | Reset_IBUF              |                3 |              8 |
|  Clock/CLK     | PC/PC/y[0]    | Reset_IBUF              |                2 |              8 |
|  Clk_IBUF_BUFG |               | Clock/count[31]_i_1_n_0 |                8 |             62 |
+----------------+---------------+-------------------------+------------------+----------------+


